Number of BSplines:    8
Order of BSplines:    4
 and number of knots:   12
Knots: 
0.00000000000000000000000e0                  0.00000000000000000000000e0                  0.00000000000000000000000e0                  0.00000000000000000000000e0                  1.00000000000000000000000e-1                 3.16227766016837933199889e-1                 1.00000000000000000000000e0                  3.16227766016837933199889e0                  1.00000000000000000000000e1                  1.00000000000000000000000e1                  1.00000000000000000000000e1                  1.00000000000000000000000e1                  
----------------------------------------------------------------
Matrix H12 : 
1.41335376205048353766775e-2                 2.20491616213527418940586e-2                 -2.9089589917536708541670e-3                 -6.1781702074265110347723e-5                 
-4.5748594130574682137318e-2                 -3.4312611189542967717879e-3                 9.77569189524902526820144e-4                 -3.3624915486819879929274e-4                 
-2.4516892140542103097453e-4                 -6.0772841142620997445336e-3                 -2.0667504499536261907646e-3                 -2.3228944618262792143508e-4                 
3.71608984798647206191902e-5                 -9.5936312426304294875976e-5                 -9.7669751944548830826463e-4                 -3.4322509046808857214617e-4                 
----------------------------------------------------------------
Matrix H : 
2.36173101386067832185931e3                  1.64190443438991896887274e3                  1.37346591684053119630365e2                  8.05258464156966487969114e-1                 1.41335376205048353766775e-2                 2.20491616213527418940586e-2                 -2.9089589917536708541670e-3                 -6.1781702074265110347723e-5                 
1.64190443438991896887274e3                  7.59199776981753226061668e3                  5.10416822317079304357602e3                  4.42796627409381817597801e2                  -4.5748594130574682137318e-2                 -3.4312611189542967717879e-3                 9.77569189524902526820144e-4                 -3.3624915486819879929274e-4                 
1.37346591684053119630365e2                  5.10416822317079304357602e3                  2.36768004270276790035266e4                  1.29792179268382480917376e4                  -2.4516892140542103097453e-4                 -6.0772841142620997445336e-3                 -2.0667504499536261907646e-3                 -2.3228944618262792143508e-4                 
8.05258464156966487969114e-1                 4.42796627409381817597801e2                  1.29792179268382480917376e4                  1.71939559460698229877560e4                  3.71608984798647206191902e-5                 -9.5936312426304294875976e-5                 -9.7669751944548830826463e-4                 -3.4322509046808857214617e-4                 
1.41335376205048353766775e-2                 -4.5748594130574682137318e-2                 -2.4516892140542103097453e-4                 3.71608984798647206191902e-5                 -2.3707727895675773730852e3                  -1.6444854032698088869078e3                  -1.3746129090579571964871e2                  -8.0569266181573643544007e-1                 
2.20491616213527418940586e-2                 -3.4312611189542967717879e-3                 -6.0772841142620997445336e-3                 -9.5936312426304294875976e-5                 -1.6444854032698088869078e3                  -7.5963019437525531941757e3                  -5.1056131491877829877800e3                  -4.4287655969073755867988e2                  
-2.9089589917536708541670e-3                 9.77569189524902526820144e-4                 -2.0667504499536261907646e-3                 -9.7669751944548830826463e-4                 -1.3746129090579571964871e2                  -5.1056131491877829877800e3                  -2.3679781052049090651315e4                  -1.2980213914683502319943e4                  
-6.1781702074265110347723e-5                 -3.3624915486819879929274e-4                 -2.3228944618262792143508e-4                 -3.4322509046808857214617e-4                 -8.0569266181573643544007e-1                 -4.4287655969073755867988e2                  -1.2980213914683502319943e4                  -1.7194884262923380776952e4                  
----------------------------------------------------------------
Matrix S : 
1.25707011243718818736342e-1                 8.74729271443588069922157e-2                 7.32324447283954595657739e-3                 4.29912427967725568632864e-5                 0.00000000000000000000000e0                  0.00000000000000000000000e0                  0.00000000000000000000000e0                  0.00000000000000000000000e0                  
8.74729271443588069922157e-2                 4.04307248828595423569341e-1                 2.71835112578640620925025e-1                 2.35836207427830786217004e-2                 0.00000000000000000000000e0                  0.00000000000000000000000e0                  0.00000000000000000000000e0                  0.00000000000000000000000e0                  
7.32324447283954595657739e-3                 2.71835112578640620925025e-1                 1.26087282579968981224624e0                  6.91183957182792127240065e-1                 0.00000000000000000000000e0                  0.00000000000000000000000e0                  0.00000000000000000000000e0                  0.00000000000000000000000e0                  
4.29912427967725568632864e-5                 2.35836207427830786217004e-2                 6.91183957182792127240065e-1                 9.15620454399300214156801e-1                 0.00000000000000000000000e0                  0.00000000000000000000000e0                  0.00000000000000000000000e0                  0.00000000000000000000000e0                  
0.00000000000000000000000e0                  0.00000000000000000000000e0                  0.00000000000000000000000e0                  0.00000000000000000000000e0                  1.25821497779066845734899e-1                 8.74996644507402227649509e-2                 7.32419207969069869411845e-3                 4.29941611590133948693333e-5                 
0.00000000000000000000000e0                  0.00000000000000000000000e0                  0.00000000000000000000000e0                  0.00000000000000000000000e0                  8.74996644507402227649509e-2                 4.04339112816399212743755e-1                 2.71842650966820335140929e-1                 2.35839275969071276025225e-2                 
0.00000000000000000000000e0                  0.00000000000000000000000e0                  0.00000000000000000000000e0                  0.00000000000000000000000e0                  7.32419207969069869411845e-3                 2.71842650966820335140929e-1                 1.26088239344385090072494e0                  6.91186105985894004387539e-1                 
0.00000000000000000000000e0                  0.00000000000000000000000e0                  0.00000000000000000000000e0                  0.00000000000000000000000e0                  4.29941611590133948693333e-5                 2.35839275969071276025225e-2                 6.91186105985894004387539e-1                 9.15621908957784116404713e-1                 
